{"/workspace/datatransfer-front/app/main.js": {"path":"/workspace/datatransfer-front/app/main.js","statementMap":{"0":{"start":{"line":1,"column":11},"end":{"line":1,"column":42}},"1":{"start":{"line":2,"column":14},"end":{"line":2,"column":48}},"2":{"start":{"line":3,"column":20},"end":{"line":3,"column":60}},"3":{"start":{"line":4,"column":15},"end":{"line":4,"column":51}},"4":{"start":{"line":5,"column":18},"end":{"line":5,"column":57}},"5":{"start":{"line":6,"column":24},"end":{"line":6,"column":69}},"6":{"start":{"line":9,"column":13},"end":{"line":9,"column":44}},"7":{"start":{"line":10,"column":16},"end":{"line":10,"column":50}},"8":{"start":{"line":11,"column":22},"end":{"line":11,"column":62}},"9":{"start":{"line":12,"column":17},"end":{"line":12,"column":53}},"10":{"start":{"line":13,"column":20},"end":{"line":13,"column":59}},"11":{"start":{"line":14,"column":26},"end":{"line":14,"column":71}},"12":{"start":{"line":16,"column":2},"end":{"line":16,"column":29}},"13":{"start":{"line":17,"column":2},"end":{"line":17,"column":32}},"14":{"start":{"line":18,"column":2},"end":{"line":18,"column":38}},"15":{"start":{"line":19,"column":2},"end":{"line":19,"column":37}},"16":{"start":{"line":20,"column":2},"end":{"line":20,"column":40}},"17":{"start":{"line":21,"column":2},"end":{"line":21,"column":43}},"18":{"start":{"line":25,"column":13},"end":{"line":25,"column":44}},"19":{"start":{"line":26,"column":16},"end":{"line":26,"column":50}},"20":{"start":{"line":27,"column":22},"end":{"line":27,"column":62}},"21":{"start":{"line":28,"column":17},"end":{"line":28,"column":53}},"22":{"start":{"line":29,"column":20},"end":{"line":29,"column":59}},"23":{"start":{"line":30,"column":26},"end":{"line":30,"column":71}},"24":{"start":{"line":32,"column":2},"end":{"line":32,"column":29}},"25":{"start":{"line":33,"column":2},"end":{"line":33,"column":32}},"26":{"start":{"line":34,"column":2},"end":{"line":34,"column":38}},"27":{"start":{"line":35,"column":2},"end":{"line":35,"column":34}},"28":{"start":{"line":36,"column":2},"end":{"line":36,"column":40}},"29":{"start":{"line":37,"column":2},"end":{"line":37,"column":46}},"30":{"start":{"line":41,"column":13},"end":{"line":41,"column":44}},"31":{"start":{"line":42,"column":16},"end":{"line":42,"column":50}},"32":{"start":{"line":43,"column":22},"end":{"line":43,"column":62}},"33":{"start":{"line":44,"column":17},"end":{"line":44,"column":53}},"34":{"start":{"line":45,"column":20},"end":{"line":45,"column":59}},"35":{"start":{"line":46,"column":26},"end":{"line":46,"column":71}},"36":{"start":{"line":48,"column":2},"end":{"line":48,"column":29}},"37":{"start":{"line":49,"column":2},"end":{"line":49,"column":32}},"38":{"start":{"line":50,"column":2},"end":{"line":50,"column":38}},"39":{"start":{"line":51,"column":2},"end":{"line":51,"column":37}},"40":{"start":{"line":52,"column":2},"end":{"line":52,"column":37}},"41":{"start":{"line":53,"column":2},"end":{"line":53,"column":46}},"42":{"start":{"line":57,"column":18},"end":{"line":57,"column":60}},"43":{"start":{"line":58,"column":22},"end":{"line":58,"column":68}},"44":{"start":{"line":59,"column":19},"end":{"line":59,"column":62}},"45":{"start":{"line":60,"column":22},"end":{"line":60,"column":68}},"46":{"start":{"line":61,"column":18},"end":{"line":61,"column":31}},"47":{"start":{"line":62,"column":2},"end":{"line":62,"column":54}},"48":{"start":{"line":64,"column":12},"end":{"line":69,"column":4}},"49":{"start":{"line":71,"column":23},"end":{"line":76,"column":3}},"50":{"start":{"line":78,"column":2},"end":{"line":86,"column":6}},"51":{"start":{"line":80,"column":6},"end":{"line":80,"column":21}},"52":{"start":{"line":81,"column":6},"end":{"line":81,"column":16}},"53":{"start":{"line":84,"column":6},"end":{"line":84,"column":33}},"54":{"start":{"line":85,"column":6},"end":{"line":85,"column":19}},"55":{"start":{"line":88,"column":2},"end":{"line":88,"column":49}},"56":{"start":{"line":89,"column":2},"end":{"line":89,"column":53}},"57":{"start":{"line":90,"column":2},"end":{"line":90,"column":50}},"58":{"start":{"line":91,"column":2},"end":{"line":91,"column":53}},"59":{"start":{"line":95,"column":14},"end":{"line":95,"column":58}},"60":{"start":{"line":96,"column":16},"end":{"line":96,"column":50}},"61":{"start":{"line":97,"column":2},"end":{"line":97,"column":28}},"62":{"start":{"line":98,"column":2},"end":{"line":100,"column":12}},"63":{"start":{"line":99,"column":4},"end":{"line":99,"column":31}},"64":{"start":{"line":101,"column":2},"end":{"line":103,"column":12}},"65":{"start":{"line":102,"column":4},"end":{"line":102,"column":32}},"66":{"start":{"line":104,"column":2},"end":{"line":106,"column":12}},"67":{"start":{"line":105,"column":4},"end":{"line":105,"column":33}},"68":{"start":{"line":110,"column":14},"end":{"line":110,"column":64}},"69":{"start":{"line":111,"column":16},"end":{"line":111,"column":56}},"70":{"start":{"line":112,"column":2},"end":{"line":112,"column":28}},"71":{"start":{"line":113,"column":2},"end":{"line":115,"column":12}},"72":{"start":{"line":114,"column":4},"end":{"line":114,"column":31}},"73":{"start":{"line":116,"column":2},"end":{"line":118,"column":12}},"74":{"start":{"line":117,"column":4},"end":{"line":117,"column":32}},"75":{"start":{"line":119,"column":2},"end":{"line":121,"column":12}},"76":{"start":{"line":120,"column":4},"end":{"line":120,"column":33}},"77":{"start":{"line":127,"column":15},"end":{"line":127,"column":47}},"78":{"start":{"line":128,"column":2},"end":{"line":128,"column":23}},"79":{"start":{"line":129,"column":18},"end":{"line":129,"column":31}},"80":{"start":{"line":130,"column":2},"end":{"line":130,"column":54}},"81":{"start":{"line":131,"column":23},"end":{"line":135,"column":3}},"82":{"start":{"line":136,"column":2},"end":{"line":144,"column":50}},"83":{"start":{"line":137,"column":24},"end":{"line":137,"column":39}},"84":{"start":{"line":139,"column":6},"end":{"line":139,"column":34}},"85":{"start":{"line":140,"column":6},"end":{"line":142,"column":8}},"86":{"start":{"line":141,"column":8},"end":{"line":141,"column":60}},"87":{"start":{"line":144,"column":22},"end":{"line":144,"column":49}},"88":{"start":{"line":150,"column":21},"end":{"line":150,"column":59}},"89":{"start":{"line":151,"column":19},"end":{"line":151,"column":21}},"90":{"start":{"line":152,"column":2},"end":{"line":156,"column":4}},"91":{"start":{"line":153,"column":4},"end":{"line":155,"column":5}},"92":{"start":{"line":154,"column":6},"end":{"line":154,"column":33}},"93":{"start":{"line":158,"column":18},"end":{"line":158,"column":31}},"94":{"start":{"line":159,"column":2},"end":{"line":159,"column":54}},"95":{"start":{"line":161,"column":12},"end":{"line":164,"column":4}},"96":{"start":{"line":166,"column":23},"end":{"line":171,"column":3}},"97":{"start":{"line":173,"column":2},"end":{"line":175,"column":50}},"98":{"start":{"line":174,"column":24},"end":{"line":174,"column":39}},"99":{"start":{"line":175,"column":22},"end":{"line":175,"column":49}},"100":{"start":{"line":177,"column":14},"end":{"line":177,"column":58}},"101":{"start":{"line":178,"column":13},"end":{"line":178,"column":27}},"102":{"start":{"line":179,"column":2},"end":{"line":179,"column":37}},"103":{"start":{"line":180,"column":2},"end":{"line":180,"column":30}},"104":{"start":{"line":181,"column":2},"end":{"line":192,"column":6}},"105":{"start":{"line":186,"column":6},"end":{"line":186,"column":21}},"106":{"start":{"line":187,"column":6},"end":{"line":187,"column":16}},"107":{"start":{"line":190,"column":6},"end":{"line":190,"column":33}},"108":{"start":{"line":191,"column":6},"end":{"line":191,"column":19}},"109":{"start":{"line":197,"column":0},"end":{"line":236,"column":1}},"110":{"start":{"line":198,"column":20},"end":{"line":198,"column":57}},"111":{"start":{"line":199,"column":19},"end":{"line":199,"column":55}},"112":{"start":{"line":200,"column":18},"end":{"line":200,"column":55}},"113":{"start":{"line":202,"column":2},"end":{"line":213,"column":5}},"114":{"start":{"line":203,"column":4},"end":{"line":203,"column":28}},"115":{"start":{"line":204,"column":18},"end":{"line":204,"column":36}},"116":{"start":{"line":205,"column":4},"end":{"line":212,"column":5}},"117":{"start":{"line":205,"column":17},"end":{"line":205,"column":18}},"118":{"start":{"line":206,"column":17},"end":{"line":206,"column":45}},"119":{"start":{"line":207,"column":6},"end":{"line":207,"column":35}},"120":{"start":{"line":208,"column":6},"end":{"line":208,"column":31}},"121":{"start":{"line":209,"column":6},"end":{"line":209,"column":41}},"122":{"start":{"line":210,"column":6},"end":{"line":210,"column":39}},"123":{"start":{"line":211,"column":6},"end":{"line":211,"column":79}},"124":{"start":{"line":215,"column":2},"end":{"line":218,"column":5}},"125":{"start":{"line":216,"column":4},"end":{"line":216,"column":27}},"126":{"start":{"line":217,"column":4},"end":{"line":217,"column":41}},"127":{"start":{"line":220,"column":2},"end":{"line":223,"column":5}},"128":{"start":{"line":221,"column":4},"end":{"line":221,"column":27}},"129":{"start":{"line":222,"column":4},"end":{"line":222,"column":44}},"130":{"start":{"line":225,"column":2},"end":{"line":235,"column":5}},"131":{"start":{"line":226,"column":4},"end":{"line":226,"column":27}},"132":{"start":{"line":227,"column":4},"end":{"line":227,"column":44}},"133":{"start":{"line":228,"column":4},"end":{"line":228,"column":28}},"134":{"start":{"line":229,"column":18},"end":{"line":229,"column":42}},"135":{"start":{"line":230,"column":4},"end":{"line":234,"column":5}},"136":{"start":{"line":230,"column":17},"end":{"line":230,"column":18}},"137":{"start":{"line":231,"column":17},"end":{"line":231,"column":45}},"138":{"start":{"line":232,"column":6},"end":{"line":232,"column":35}},"139":{"start":{"line":233,"column":6},"end":{"line":233,"column":31}},"140":{"start":{"line":238,"column":0},"end":{"line":238,"column":59}}},"fnMap":{"0":{"name":"toConfig","decl":{"start":{"line":8,"column":9},"end":{"line":8,"column":17}},"loc":{"start":{"line":8,"column":20},"end":{"line":22,"column":1}},"line":8},"1":{"name":"toHome","decl":{"start":{"line":24,"column":9},"end":{"line":24,"column":15}},"loc":{"start":{"line":24,"column":18},"end":{"line":38,"column":1}},"line":24},"2":{"name":"toHistory","decl":{"start":{"line":40,"column":9},"end":{"line":40,"column":18}},"loc":{"start":{"line":40,"column":21},"end":{"line":54,"column":1}},"line":40},"3":{"name":"sendCredentials","decl":{"start":{"line":56,"column":9},"end":{"line":56,"column":24}},"loc":{"start":{"line":56,"column":27},"end":{"line":92,"column":1}},"line":56},"4":{"name":"(anonymous_4)","decl":{"start":{"line":79,"column":10},"end":{"line":79,"column":11}},"loc":{"start":{"line":79,"column":24},"end":{"line":82,"column":5}},"line":79},"5":{"name":"(anonymous_5)","decl":{"start":{"line":83,"column":11},"end":{"line":83,"column":12}},"loc":{"start":{"line":83,"column":22},"end":{"line":86,"column":5}},"line":83},"6":{"name":"notifyOk","decl":{"start":{"line":94,"column":9},"end":{"line":94,"column":17}},"loc":{"start":{"line":94,"column":20},"end":{"line":107,"column":1}},"line":94},"7":{"name":"(anonymous_7)","decl":{"start":{"line":98,"column":13},"end":{"line":98,"column":14}},"loc":{"start":{"line":98,"column":19},"end":{"line":100,"column":3}},"line":98},"8":{"name":"(anonymous_8)","decl":{"start":{"line":101,"column":13},"end":{"line":101,"column":14}},"loc":{"start":{"line":101,"column":19},"end":{"line":103,"column":3}},"line":101},"9":{"name":"(anonymous_9)","decl":{"start":{"line":104,"column":13},"end":{"line":104,"column":14}},"loc":{"start":{"line":104,"column":19},"end":{"line":106,"column":3}},"line":104},"10":{"name":"notifyNotOk","decl":{"start":{"line":109,"column":9},"end":{"line":109,"column":20}},"loc":{"start":{"line":109,"column":23},"end":{"line":122,"column":1}},"line":109},"11":{"name":"(anonymous_11)","decl":{"start":{"line":113,"column":13},"end":{"line":113,"column":14}},"loc":{"start":{"line":113,"column":19},"end":{"line":115,"column":3}},"line":113},"12":{"name":"(anonymous_12)","decl":{"start":{"line":116,"column":13},"end":{"line":116,"column":14}},"loc":{"start":{"line":116,"column":19},"end":{"line":118,"column":3}},"line":116},"13":{"name":"(anonymous_13)","decl":{"start":{"line":119,"column":13},"end":{"line":119,"column":14}},"loc":{"start":{"line":119,"column":19},"end":{"line":121,"column":3}},"line":119},"14":{"name":"getPastas","decl":{"start":{"line":126,"column":9},"end":{"line":126,"column":18}},"loc":{"start":{"line":126,"column":21},"end":{"line":147,"column":1}},"line":126},"15":{"name":"(anonymous_15)","decl":{"start":{"line":137,"column":10},"end":{"line":137,"column":11}},"loc":{"start":{"line":137,"column":24},"end":{"line":137,"column":39}},"line":137},"16":{"name":"(anonymous_16)","decl":{"start":{"line":138,"column":10},"end":{"line":138,"column":11}},"loc":{"start":{"line":138,"column":23},"end":{"line":143,"column":5}},"line":138},"17":{"name":"(anonymous_17)","decl":{"start":{"line":140,"column":21},"end":{"line":140,"column":22}},"loc":{"start":{"line":140,"column":30},"end":{"line":142,"column":7}},"line":140},"18":{"name":"(anonymous_18)","decl":{"start":{"line":144,"column":11},"end":{"line":144,"column":12}},"loc":{"start":{"line":144,"column":22},"end":{"line":144,"column":49}},"line":144},"19":{"name":"sendFile","decl":{"start":{"line":149,"column":9},"end":{"line":149,"column":17}},"loc":{"start":{"line":149,"column":20},"end":{"line":193,"column":1}},"line":149},"20":{"name":"(anonymous_20)","decl":{"start":{"line":152,"column":17},"end":{"line":152,"column":18}},"loc":{"start":{"line":152,"column":30},"end":{"line":156,"column":3}},"line":152},"21":{"name":"(anonymous_21)","decl":{"start":{"line":174,"column":10},"end":{"line":174,"column":11}},"loc":{"start":{"line":174,"column":24},"end":{"line":174,"column":39}},"line":174},"22":{"name":"(anonymous_22)","decl":{"start":{"line":175,"column":11},"end":{"line":175,"column":12}},"loc":{"start":{"line":175,"column":22},"end":{"line":175,"column":49}},"line":175},"23":{"name":"(anonymous_23)","decl":{"start":{"line":185,"column":10},"end":{"line":185,"column":11}},"loc":{"start":{"line":185,"column":24},"end":{"line":188,"column":5}},"line":185},"24":{"name":"(anonymous_24)","decl":{"start":{"line":189,"column":11},"end":{"line":189,"column":12}},"loc":{"start":{"line":189,"column":22},"end":{"line":192,"column":5}},"line":189},"25":{"name":"onload","decl":{"start":{"line":197,"column":25},"end":{"line":197,"column":31}},"loc":{"start":{"line":197,"column":34},"end":{"line":236,"column":1}},"line":197},"26":{"name":"(anonymous_26)","decl":{"start":{"line":202,"column":39},"end":{"line":202,"column":40}},"loc":{"start":{"line":202,"column":50},"end":{"line":213,"column":3}},"line":202},"27":{"name":"(anonymous_27)","decl":{"start":{"line":215,"column":41},"end":{"line":215,"column":42}},"loc":{"start":{"line":215,"column":52},"end":{"line":218,"column":3}},"line":215},"28":{"name":"(anonymous_28)","decl":{"start":{"line":220,"column":42},"end":{"line":220,"column":43}},"loc":{"start":{"line":220,"column":53},"end":{"line":223,"column":3}},"line":220},"29":{"name":"(anonymous_29)","decl":{"start":{"line":225,"column":37},"end":{"line":225,"column":38}},"loc":{"start":{"line":225,"column":48},"end":{"line":235,"column":3}},"line":225}},"branchMap":{"0":{"loc":{"start":{"line":153,"column":4},"end":{"line":155,"column":5}},"type":"if","locations":[{"start":{"line":153,"column":4},"end":{"line":155,"column":5}},{"start":{},"end":{}}],"line":153}},"s":{"0":1,"1":1,"2":1,"3":1,"4":1,"5":1,"6":1,"7":1,"8":1,"9":1,"10":1,"11":1,"12":1,"13":1,"14":1,"15":1,"16":1,"17":1,"18":1,"19":1,"20":1,"21":1,"22":1,"23":1,"24":1,"25":1,"26":1,"27":1,"28":1,"29":1,"30":1,"31":1,"32":1,"33":1,"34":1,"35":1,"36":1,"37":1,"38":1,"39":1,"40":1,"41":1,"42":0,"43":0,"44":0,"45":0,"46":0,"47":0,"48":0,"49":0,"50":0,"51":0,"52":0,"53":0,"54":0,"55":0,"56":0,"57":0,"58":0,"59":0,"60":0,"61":0,"62":0,"63":0,"64":0,"65":0,"66":0,"67":0,"68":0,"69":0,"70":0,"71":0,"72":0,"73":0,"74":0,"75":0,"76":0,"77":0,"78":0,"79":0,"80":0,"81":0,"82":0,"83":0,"84":0,"85":0,"86":0,"87":0,"88":0,"89":0,"90":0,"91":0,"92":0,"93":0,"94":0,"95":0,"96":0,"97":0,"98":0,"99":0,"100":0,"101":0,"102":0,"103":0,"104":0,"105":0,"106":0,"107":0,"108":0,"109":1,"110":0,"111":0,"112":0,"113":0,"114":0,"115":0,"116":0,"117":0,"118":0,"119":0,"120":0,"121":0,"122":0,"123":0,"124":0,"125":0,"126":0,"127":0,"128":0,"129":0,"130":0,"131":0,"132":0,"133":0,"134":0,"135":0,"136":0,"137":0,"138":0,"139":0,"140":1},"f":{"0":1,"1":1,"2":1,"3":0,"4":0,"5":0,"6":0,"7":0,"8":0,"9":0,"10":0,"11":0,"12":0,"13":0,"14":0,"15":0,"16":0,"17":0,"18":0,"19":0,"20":0,"21":0,"22":0,"23":0,"24":0,"25":0,"26":0,"27":0,"28":0,"29":0},"b":{"0":[0,0]},"_coverageSchema":"1a1c01bbd47fc00a2c39e90264f33305004495a9","hash":"3017a0b332be0dcb92866ff4f0ba397a4a49e34b"}
}
