{"/workspace/datatransfer-front/app/main.js": {"path":"/workspace/datatransfer-front/app/main.js","statementMap":{"0":{"start":{"line":1,"column":11},"end":{"line":1,"column":42}},"1":{"start":{"line":2,"column":14},"end":{"line":2,"column":48}},"2":{"start":{"line":3,"column":20},"end":{"line":3,"column":60}},"3":{"start":{"line":4,"column":15},"end":{"line":4,"column":51}},"4":{"start":{"line":5,"column":18},"end":{"line":5,"column":57}},"5":{"start":{"line":6,"column":24},"end":{"line":6,"column":69}},"6":{"start":{"line":9,"column":13},"end":{"line":9,"column":44}},"7":{"start":{"line":10,"column":16},"end":{"line":10,"column":50}},"8":{"start":{"line":11,"column":22},"end":{"line":11,"column":62}},"9":{"start":{"line":12,"column":17},"end":{"line":12,"column":53}},"10":{"start":{"line":13,"column":20},"end":{"line":13,"column":59}},"11":{"start":{"line":14,"column":26},"end":{"line":14,"column":71}},"12":{"start":{"line":16,"column":2},"end":{"line":16,"column":29}},"13":{"start":{"line":17,"column":2},"end":{"line":17,"column":32}},"14":{"start":{"line":18,"column":2},"end":{"line":18,"column":38}},"15":{"start":{"line":19,"column":2},"end":{"line":19,"column":37}},"16":{"start":{"line":20,"column":2},"end":{"line":20,"column":40}},"17":{"start":{"line":21,"column":2},"end":{"line":21,"column":43}},"18":{"start":{"line":25,"column":13},"end":{"line":25,"column":44}},"19":{"start":{"line":26,"column":16},"end":{"line":26,"column":50}},"20":{"start":{"line":27,"column":22},"end":{"line":27,"column":62}},"21":{"start":{"line":28,"column":17},"end":{"line":28,"column":53}},"22":{"start":{"line":29,"column":20},"end":{"line":29,"column":59}},"23":{"start":{"line":30,"column":26},"end":{"line":30,"column":71}},"24":{"start":{"line":32,"column":2},"end":{"line":32,"column":29}},"25":{"start":{"line":33,"column":2},"end":{"line":33,"column":32}},"26":{"start":{"line":34,"column":2},"end":{"line":34,"column":38}},"27":{"start":{"line":35,"column":2},"end":{"line":35,"column":34}},"28":{"start":{"line":36,"column":2},"end":{"line":36,"column":40}},"29":{"start":{"line":37,"column":2},"end":{"line":37,"column":46}},"30":{"start":{"line":41,"column":2},"end":{"line":41,"column":29}},"31":{"start":{"line":42,"column":2},"end":{"line":42,"column":32}},"32":{"start":{"line":43,"column":2},"end":{"line":43,"column":38}},"33":{"start":{"line":44,"column":2},"end":{"line":44,"column":37}},"34":{"start":{"line":45,"column":2},"end":{"line":45,"column":37}},"35":{"start":{"line":46,"column":2},"end":{"line":46,"column":46}},"36":{"start":{"line":50,"column":18},"end":{"line":50,"column":60}},"37":{"start":{"line":51,"column":22},"end":{"line":51,"column":68}},"38":{"start":{"line":52,"column":19},"end":{"line":52,"column":62}},"39":{"start":{"line":53,"column":22},"end":{"line":53,"column":68}},"40":{"start":{"line":54,"column":18},"end":{"line":54,"column":31}},"41":{"start":{"line":55,"column":2},"end":{"line":55,"column":54}},"42":{"start":{"line":57,"column":12},"end":{"line":62,"column":4}},"43":{"start":{"line":64,"column":23},"end":{"line":69,"column":3}},"44":{"start":{"line":71,"column":2},"end":{"line":79,"column":6}},"45":{"start":{"line":73,"column":6},"end":{"line":73,"column":21}},"46":{"start":{"line":74,"column":6},"end":{"line":74,"column":16}},"47":{"start":{"line":77,"column":6},"end":{"line":77,"column":33}},"48":{"start":{"line":78,"column":6},"end":{"line":78,"column":19}},"49":{"start":{"line":81,"column":2},"end":{"line":81,"column":49}},"50":{"start":{"line":82,"column":2},"end":{"line":82,"column":53}},"51":{"start":{"line":83,"column":2},"end":{"line":83,"column":50}},"52":{"start":{"line":84,"column":2},"end":{"line":84,"column":53}},"53":{"start":{"line":88,"column":14},"end":{"line":88,"column":58}},"54":{"start":{"line":89,"column":16},"end":{"line":89,"column":50}},"55":{"start":{"line":90,"column":2},"end":{"line":90,"column":28}},"56":{"start":{"line":91,"column":2},"end":{"line":93,"column":12}},"57":{"start":{"line":92,"column":4},"end":{"line":92,"column":31}},"58":{"start":{"line":94,"column":2},"end":{"line":96,"column":12}},"59":{"start":{"line":95,"column":4},"end":{"line":95,"column":32}},"60":{"start":{"line":97,"column":2},"end":{"line":99,"column":12}},"61":{"start":{"line":98,"column":4},"end":{"line":98,"column":33}},"62":{"start":{"line":103,"column":14},"end":{"line":103,"column":64}},"63":{"start":{"line":104,"column":16},"end":{"line":104,"column":56}},"64":{"start":{"line":105,"column":2},"end":{"line":105,"column":28}},"65":{"start":{"line":106,"column":2},"end":{"line":108,"column":12}},"66":{"start":{"line":107,"column":4},"end":{"line":107,"column":31}},"67":{"start":{"line":109,"column":2},"end":{"line":111,"column":12}},"68":{"start":{"line":110,"column":4},"end":{"line":110,"column":32}},"69":{"start":{"line":112,"column":2},"end":{"line":114,"column":12}},"70":{"start":{"line":113,"column":4},"end":{"line":113,"column":33}},"71":{"start":{"line":120,"column":15},"end":{"line":120,"column":47}},"72":{"start":{"line":121,"column":2},"end":{"line":121,"column":23}},"73":{"start":{"line":122,"column":18},"end":{"line":122,"column":31}},"74":{"start":{"line":123,"column":2},"end":{"line":123,"column":54}},"75":{"start":{"line":124,"column":23},"end":{"line":128,"column":3}},"76":{"start":{"line":129,"column":2},"end":{"line":137,"column":50}},"77":{"start":{"line":130,"column":24},"end":{"line":130,"column":39}},"78":{"start":{"line":132,"column":6},"end":{"line":132,"column":34}},"79":{"start":{"line":133,"column":6},"end":{"line":135,"column":8}},"80":{"start":{"line":134,"column":8},"end":{"line":134,"column":60}},"81":{"start":{"line":137,"column":22},"end":{"line":137,"column":49}},"82":{"start":{"line":143,"column":21},"end":{"line":143,"column":59}},"83":{"start":{"line":144,"column":19},"end":{"line":144,"column":21}},"84":{"start":{"line":145,"column":2},"end":{"line":149,"column":4}},"85":{"start":{"line":146,"column":4},"end":{"line":148,"column":5}},"86":{"start":{"line":147,"column":6},"end":{"line":147,"column":33}},"87":{"start":{"line":151,"column":18},"end":{"line":151,"column":31}},"88":{"start":{"line":152,"column":2},"end":{"line":152,"column":54}},"89":{"start":{"line":154,"column":12},"end":{"line":157,"column":4}},"90":{"start":{"line":159,"column":23},"end":{"line":164,"column":3}},"91":{"start":{"line":166,"column":2},"end":{"line":168,"column":50}},"92":{"start":{"line":167,"column":24},"end":{"line":167,"column":39}},"93":{"start":{"line":168,"column":22},"end":{"line":168,"column":49}},"94":{"start":{"line":170,"column":14},"end":{"line":170,"column":58}},"95":{"start":{"line":171,"column":13},"end":{"line":171,"column":27}},"96":{"start":{"line":172,"column":2},"end":{"line":172,"column":37}},"97":{"start":{"line":173,"column":2},"end":{"line":173,"column":30}},"98":{"start":{"line":174,"column":2},"end":{"line":185,"column":6}},"99":{"start":{"line":179,"column":6},"end":{"line":179,"column":21}},"100":{"start":{"line":180,"column":6},"end":{"line":180,"column":16}},"101":{"start":{"line":183,"column":6},"end":{"line":183,"column":33}},"102":{"start":{"line":184,"column":6},"end":{"line":184,"column":19}},"103":{"start":{"line":190,"column":0},"end":{"line":229,"column":1}},"104":{"start":{"line":191,"column":20},"end":{"line":191,"column":57}},"105":{"start":{"line":192,"column":19},"end":{"line":192,"column":55}},"106":{"start":{"line":193,"column":18},"end":{"line":193,"column":55}},"107":{"start":{"line":195,"column":2},"end":{"line":206,"column":5}},"108":{"start":{"line":196,"column":4},"end":{"line":196,"column":28}},"109":{"start":{"line":197,"column":18},"end":{"line":197,"column":36}},"110":{"start":{"line":198,"column":4},"end":{"line":205,"column":5}},"111":{"start":{"line":198,"column":17},"end":{"line":198,"column":18}},"112":{"start":{"line":199,"column":17},"end":{"line":199,"column":45}},"113":{"start":{"line":200,"column":6},"end":{"line":200,"column":35}},"114":{"start":{"line":201,"column":6},"end":{"line":201,"column":31}},"115":{"start":{"line":202,"column":6},"end":{"line":202,"column":41}},"116":{"start":{"line":203,"column":6},"end":{"line":203,"column":39}},"117":{"start":{"line":204,"column":6},"end":{"line":204,"column":79}},"118":{"start":{"line":208,"column":2},"end":{"line":211,"column":5}},"119":{"start":{"line":209,"column":4},"end":{"line":209,"column":27}},"120":{"start":{"line":210,"column":4},"end":{"line":210,"column":41}},"121":{"start":{"line":213,"column":2},"end":{"line":216,"column":5}},"122":{"start":{"line":214,"column":4},"end":{"line":214,"column":27}},"123":{"start":{"line":215,"column":4},"end":{"line":215,"column":44}},"124":{"start":{"line":218,"column":2},"end":{"line":228,"column":5}},"125":{"start":{"line":219,"column":4},"end":{"line":219,"column":27}},"126":{"start":{"line":220,"column":4},"end":{"line":220,"column":44}},"127":{"start":{"line":221,"column":4},"end":{"line":221,"column":28}},"128":{"start":{"line":222,"column":18},"end":{"line":222,"column":42}},"129":{"start":{"line":223,"column":4},"end":{"line":227,"column":5}},"130":{"start":{"line":223,"column":17},"end":{"line":223,"column":18}},"131":{"start":{"line":224,"column":17},"end":{"line":224,"column":45}},"132":{"start":{"line":225,"column":6},"end":{"line":225,"column":35}},"133":{"start":{"line":226,"column":6},"end":{"line":226,"column":31}},"134":{"start":{"line":231,"column":0},"end":{"line":231,"column":38}}},"fnMap":{"0":{"name":"toConfig","decl":{"start":{"line":8,"column":9},"end":{"line":8,"column":17}},"loc":{"start":{"line":8,"column":20},"end":{"line":22,"column":1}},"line":8},"1":{"name":"toHome","decl":{"start":{"line":24,"column":9},"end":{"line":24,"column":15}},"loc":{"start":{"line":24,"column":18},"end":{"line":38,"column":1}},"line":24},"2":{"name":"toHistory","decl":{"start":{"line":40,"column":9},"end":{"line":40,"column":18}},"loc":{"start":{"line":40,"column":21},"end":{"line":47,"column":1}},"line":40},"3":{"name":"sendCredentials","decl":{"start":{"line":49,"column":9},"end":{"line":49,"column":24}},"loc":{"start":{"line":49,"column":27},"end":{"line":85,"column":1}},"line":49},"4":{"name":"(anonymous_4)","decl":{"start":{"line":72,"column":10},"end":{"line":72,"column":11}},"loc":{"start":{"line":72,"column":24},"end":{"line":75,"column":5}},"line":72},"5":{"name":"(anonymous_5)","decl":{"start":{"line":76,"column":11},"end":{"line":76,"column":12}},"loc":{"start":{"line":76,"column":22},"end":{"line":79,"column":5}},"line":76},"6":{"name":"notifyOk","decl":{"start":{"line":87,"column":9},"end":{"line":87,"column":17}},"loc":{"start":{"line":87,"column":20},"end":{"line":100,"column":1}},"line":87},"7":{"name":"(anonymous_7)","decl":{"start":{"line":91,"column":13},"end":{"line":91,"column":14}},"loc":{"start":{"line":91,"column":19},"end":{"line":93,"column":3}},"line":91},"8":{"name":"(anonymous_8)","decl":{"start":{"line":94,"column":13},"end":{"line":94,"column":14}},"loc":{"start":{"line":94,"column":19},"end":{"line":96,"column":3}},"line":94},"9":{"name":"(anonymous_9)","decl":{"start":{"line":97,"column":13},"end":{"line":97,"column":14}},"loc":{"start":{"line":97,"column":19},"end":{"line":99,"column":3}},"line":97},"10":{"name":"notifyNotOk","decl":{"start":{"line":102,"column":9},"end":{"line":102,"column":20}},"loc":{"start":{"line":102,"column":23},"end":{"line":115,"column":1}},"line":102},"11":{"name":"(anonymous_11)","decl":{"start":{"line":106,"column":13},"end":{"line":106,"column":14}},"loc":{"start":{"line":106,"column":19},"end":{"line":108,"column":3}},"line":106},"12":{"name":"(anonymous_12)","decl":{"start":{"line":109,"column":13},"end":{"line":109,"column":14}},"loc":{"start":{"line":109,"column":19},"end":{"line":111,"column":3}},"line":109},"13":{"name":"(anonymous_13)","decl":{"start":{"line":112,"column":13},"end":{"line":112,"column":14}},"loc":{"start":{"line":112,"column":19},"end":{"line":114,"column":3}},"line":112},"14":{"name":"getPastas","decl":{"start":{"line":119,"column":9},"end":{"line":119,"column":18}},"loc":{"start":{"line":119,"column":21},"end":{"line":140,"column":1}},"line":119},"15":{"name":"(anonymous_15)","decl":{"start":{"line":130,"column":10},"end":{"line":130,"column":11}},"loc":{"start":{"line":130,"column":24},"end":{"line":130,"column":39}},"line":130},"16":{"name":"(anonymous_16)","decl":{"start":{"line":131,"column":10},"end":{"line":131,"column":11}},"loc":{"start":{"line":131,"column":23},"end":{"line":136,"column":5}},"line":131},"17":{"name":"(anonymous_17)","decl":{"start":{"line":133,"column":21},"end":{"line":133,"column":22}},"loc":{"start":{"line":133,"column":30},"end":{"line":135,"column":7}},"line":133},"18":{"name":"(anonymous_18)","decl":{"start":{"line":137,"column":11},"end":{"line":137,"column":12}},"loc":{"start":{"line":137,"column":22},"end":{"line":137,"column":49}},"line":137},"19":{"name":"sendFile","decl":{"start":{"line":142,"column":9},"end":{"line":142,"column":17}},"loc":{"start":{"line":142,"column":20},"end":{"line":186,"column":1}},"line":142},"20":{"name":"(anonymous_20)","decl":{"start":{"line":145,"column":17},"end":{"line":145,"column":18}},"loc":{"start":{"line":145,"column":30},"end":{"line":149,"column":3}},"line":145},"21":{"name":"(anonymous_21)","decl":{"start":{"line":167,"column":10},"end":{"line":167,"column":11}},"loc":{"start":{"line":167,"column":24},"end":{"line":167,"column":39}},"line":167},"22":{"name":"(anonymous_22)","decl":{"start":{"line":168,"column":11},"end":{"line":168,"column":12}},"loc":{"start":{"line":168,"column":22},"end":{"line":168,"column":49}},"line":168},"23":{"name":"(anonymous_23)","decl":{"start":{"line":178,"column":10},"end":{"line":178,"column":11}},"loc":{"start":{"line":178,"column":24},"end":{"line":181,"column":5}},"line":178},"24":{"name":"(anonymous_24)","decl":{"start":{"line":182,"column":11},"end":{"line":182,"column":12}},"loc":{"start":{"line":182,"column":22},"end":{"line":185,"column":5}},"line":182},"25":{"name":"onload","decl":{"start":{"line":190,"column":25},"end":{"line":190,"column":31}},"loc":{"start":{"line":190,"column":34},"end":{"line":229,"column":1}},"line":190},"26":{"name":"(anonymous_26)","decl":{"start":{"line":195,"column":39},"end":{"line":195,"column":40}},"loc":{"start":{"line":195,"column":50},"end":{"line":206,"column":3}},"line":195},"27":{"name":"(anonymous_27)","decl":{"start":{"line":208,"column":41},"end":{"line":208,"column":42}},"loc":{"start":{"line":208,"column":52},"end":{"line":211,"column":3}},"line":208},"28":{"name":"(anonymous_28)","decl":{"start":{"line":213,"column":42},"end":{"line":213,"column":43}},"loc":{"start":{"line":213,"column":53},"end":{"line":216,"column":3}},"line":213},"29":{"name":"(anonymous_29)","decl":{"start":{"line":218,"column":37},"end":{"line":218,"column":38}},"loc":{"start":{"line":218,"column":48},"end":{"line":228,"column":3}},"line":218}},"branchMap":{"0":{"loc":{"start":{"line":146,"column":4},"end":{"line":148,"column":5}},"type":"if","locations":[{"start":{"line":146,"column":4},"end":{"line":148,"column":5}},{"start":{},"end":{}}],"line":146}},"s":{"0":1,"1":1,"2":1,"3":1,"4":1,"5":1,"6":1,"7":1,"8":1,"9":1,"10":1,"11":1,"12":1,"13":1,"14":1,"15":1,"16":1,"17":1,"18":1,"19":1,"20":1,"21":1,"22":1,"23":1,"24":1,"25":1,"26":1,"27":1,"28":1,"29":1,"30":0,"31":0,"32":0,"33":0,"34":0,"35":0,"36":0,"37":0,"38":0,"39":0,"40":0,"41":0,"42":0,"43":0,"44":0,"45":0,"46":0,"47":0,"48":0,"49":0,"50":0,"51":0,"52":0,"53":0,"54":0,"55":0,"56":0,"57":0,"58":0,"59":0,"60":0,"61":0,"62":0,"63":0,"64":0,"65":0,"66":0,"67":0,"68":0,"69":0,"70":0,"71":0,"72":0,"73":0,"74":0,"75":0,"76":0,"77":0,"78":0,"79":0,"80":0,"81":0,"82":0,"83":0,"84":0,"85":0,"86":0,"87":0,"88":0,"89":0,"90":0,"91":0,"92":0,"93":0,"94":0,"95":0,"96":0,"97":0,"98":0,"99":0,"100":0,"101":0,"102":0,"103":1,"104":0,"105":0,"106":0,"107":0,"108":0,"109":0,"110":0,"111":0,"112":0,"113":0,"114":0,"115":0,"116":0,"117":0,"118":0,"119":0,"120":0,"121":0,"122":0,"123":0,"124":0,"125":0,"126":0,"127":0,"128":0,"129":0,"130":0,"131":0,"132":0,"133":0,"134":1},"f":{"0":1,"1":1,"2":0,"3":0,"4":0,"5":0,"6":0,"7":0,"8":0,"9":0,"10":0,"11":0,"12":0,"13":0,"14":0,"15":0,"16":0,"17":0,"18":0,"19":0,"20":0,"21":0,"22":0,"23":0,"24":0,"25":0,"26":0,"27":0,"28":0,"29":0},"b":{"0":[0,0]},"_coverageSchema":"1a1c01bbd47fc00a2c39e90264f33305004495a9","hash":"08cde72f42d6bf6d1dbfd7efd6043616e0ddfce2"}
}
