TN:
SF:app/main.js
FN:8,toConfig
FN:24,toHome
FN:40,toHistory
FN:56,sendCredentials
FN:79,(anonymous_4)
FN:83,(anonymous_5)
FN:94,notifyOk
FN:98,(anonymous_7)
FN:101,(anonymous_8)
FN:104,(anonymous_9)
FN:109,notifyNotOk
FN:113,(anonymous_11)
FN:116,(anonymous_12)
FN:119,(anonymous_13)
FN:126,getPastas
FN:137,(anonymous_15)
FN:138,(anonymous_16)
FN:140,(anonymous_17)
FN:144,(anonymous_18)
FN:149,sendFile
FN:152,(anonymous_20)
FN:174,(anonymous_21)
FN:175,(anonymous_22)
FN:185,(anonymous_23)
FN:189,(anonymous_24)
FN:197,onload
FN:202,(anonymous_26)
FN:215,(anonymous_27)
FN:220,(anonymous_28)
FN:225,(anonymous_29)
FNF:30
FNH:3
FNDA:1,toConfig
FNDA:1,toHome
FNDA:1,toHistory
FNDA:0,sendCredentials
FNDA:0,(anonymous_4)
FNDA:0,(anonymous_5)
FNDA:0,notifyOk
FNDA:0,(anonymous_7)
FNDA:0,(anonymous_8)
FNDA:0,(anonymous_9)
FNDA:0,notifyNotOk
FNDA:0,(anonymous_11)
FNDA:0,(anonymous_12)
FNDA:0,(anonymous_13)
FNDA:0,getPastas
FNDA:0,(anonymous_15)
FNDA:0,(anonymous_16)
FNDA:0,(anonymous_17)
FNDA:0,(anonymous_18)
FNDA:0,sendFile
FNDA:0,(anonymous_20)
FNDA:0,(anonymous_21)
FNDA:0,(anonymous_22)
FNDA:0,(anonymous_23)
FNDA:0,(anonymous_24)
FNDA:0,onload
FNDA:0,(anonymous_26)
FNDA:0,(anonymous_27)
FNDA:0,(anonymous_28)
FNDA:0,(anonymous_29)
DA:1,1
DA:2,1
DA:3,1
DA:4,1
DA:5,1
DA:6,1
DA:9,1
DA:10,1
DA:11,1
DA:12,1
DA:13,1
DA:14,1
DA:16,1
DA:17,1
DA:18,1
DA:19,1
DA:20,1
DA:21,1
DA:25,1
DA:26,1
DA:27,1
DA:28,1
DA:29,1
DA:30,1
DA:32,1
DA:33,1
DA:34,1
DA:35,1
DA:36,1
DA:37,1
DA:41,1
DA:42,1
DA:43,1
DA:44,1
DA:45,1
DA:46,1
DA:48,1
DA:49,1
DA:50,1
DA:51,1
DA:52,1
DA:53,1
DA:57,0
DA:58,0
DA:59,0
DA:60,0
DA:61,0
DA:62,0
DA:64,0
DA:71,0
DA:78,0
DA:80,0
DA:81,0
DA:84,0
DA:85,0
DA:88,0
DA:89,0
DA:90,0
DA:91,0
DA:95,0
DA:96,0
DA:97,0
DA:98,0
DA:99,0
DA:101,0
DA:102,0
DA:104,0
DA:105,0
DA:110,0
DA:111,0
DA:112,0
DA:113,0
DA:114,0
DA:116,0
DA:117,0
DA:119,0
DA:120,0
DA:127,0
DA:128,0
DA:129,0
DA:130,0
DA:131,0
DA:136,0
DA:137,0
DA:139,0
DA:140,0
DA:141,0
DA:144,0
DA:150,0
DA:151,0
DA:152,0
DA:153,0
DA:154,0
DA:158,0
DA:159,0
DA:161,0
DA:166,0
DA:173,0
DA:174,0
DA:175,0
DA:177,0
DA:178,0
DA:179,0
DA:180,0
DA:181,0
DA:186,0
DA:187,0
DA:190,0
DA:191,0
DA:197,1
DA:198,0
DA:199,0
DA:200,0
DA:202,0
DA:203,0
DA:204,0
DA:205,0
DA:206,0
DA:207,0
DA:208,0
DA:209,0
DA:210,0
DA:211,0
DA:215,0
DA:216,0
DA:217,0
DA:220,0
DA:221,0
DA:222,0
DA:225,0
DA:226,0
DA:227,0
DA:228,0
DA:229,0
DA:230,0
DA:231,0
DA:232,0
DA:233,0
DA:238,1
LF:139
LH:44
BRDA:153,0,0,0
BRDA:153,0,1,0
BRF:2
BRH:0
end_of_record
