TN:
SF:app/main.js
FN:8,toConfig
FN:24,toHome
FN:40,toHistory
FN:49,sendCredentials
FN:72,(anonymous_4)
FN:76,(anonymous_5)
FN:87,notifyOk
FN:91,(anonymous_7)
FN:94,(anonymous_8)
FN:97,(anonymous_9)
FN:102,notifyNotOk
FN:106,(anonymous_11)
FN:109,(anonymous_12)
FN:112,(anonymous_13)
FN:119,getPastas
FN:130,(anonymous_15)
FN:131,(anonymous_16)
FN:133,(anonymous_17)
FN:137,(anonymous_18)
FN:142,sendFile
FN:145,(anonymous_20)
FN:167,(anonymous_21)
FN:168,(anonymous_22)
FN:178,(anonymous_23)
FN:182,(anonymous_24)
FN:190,onload
FN:195,(anonymous_26)
FN:208,(anonymous_27)
FN:213,(anonymous_28)
FN:218,(anonymous_29)
FNF:30
FNH:2
FNDA:1,toConfig
FNDA:1,toHome
FNDA:0,toHistory
FNDA:0,sendCredentials
FNDA:0,(anonymous_4)
FNDA:0,(anonymous_5)
FNDA:0,notifyOk
FNDA:0,(anonymous_7)
FNDA:0,(anonymous_8)
FNDA:0,(anonymous_9)
FNDA:0,notifyNotOk
FNDA:0,(anonymous_11)
FNDA:0,(anonymous_12)
FNDA:0,(anonymous_13)
FNDA:0,getPastas
FNDA:0,(anonymous_15)
FNDA:0,(anonymous_16)
FNDA:0,(anonymous_17)
FNDA:0,(anonymous_18)
FNDA:0,sendFile
FNDA:0,(anonymous_20)
FNDA:0,(anonymous_21)
FNDA:0,(anonymous_22)
FNDA:0,(anonymous_23)
FNDA:0,(anonymous_24)
FNDA:0,onload
FNDA:0,(anonymous_26)
FNDA:0,(anonymous_27)
FNDA:0,(anonymous_28)
FNDA:0,(anonymous_29)
DA:1,1
DA:2,1
DA:3,1
DA:4,1
DA:5,1
DA:6,1
DA:9,1
DA:10,1
DA:11,1
DA:12,1
DA:13,1
DA:14,1
DA:16,1
DA:17,1
DA:18,1
DA:19,1
DA:20,1
DA:21,1
DA:25,1
DA:26,1
DA:27,1
DA:28,1
DA:29,1
DA:30,1
DA:32,1
DA:33,1
DA:34,1
DA:35,1
DA:36,1
DA:37,1
DA:41,0
DA:42,0
DA:43,0
DA:44,0
DA:45,0
DA:46,0
DA:50,0
DA:51,0
DA:52,0
DA:53,0
DA:54,0
DA:55,0
DA:57,0
DA:64,0
DA:71,0
DA:73,0
DA:74,0
DA:77,0
DA:78,0
DA:81,0
DA:82,0
DA:83,0
DA:84,0
DA:88,0
DA:89,0
DA:90,0
DA:91,0
DA:92,0
DA:94,0
DA:95,0
DA:97,0
DA:98,0
DA:103,0
DA:104,0
DA:105,0
DA:106,0
DA:107,0
DA:109,0
DA:110,0
DA:112,0
DA:113,0
DA:120,0
DA:121,0
DA:122,0
DA:123,0
DA:124,0
DA:129,0
DA:130,0
DA:132,0
DA:133,0
DA:134,0
DA:137,0
DA:143,0
DA:144,0
DA:145,0
DA:146,0
DA:147,0
DA:151,0
DA:152,0
DA:154,0
DA:159,0
DA:166,0
DA:167,0
DA:168,0
DA:170,0
DA:171,0
DA:172,0
DA:173,0
DA:174,0
DA:179,0
DA:180,0
DA:183,0
DA:184,0
DA:190,1
DA:191,0
DA:192,0
DA:193,0
DA:195,0
DA:196,0
DA:197,0
DA:198,0
DA:199,0
DA:200,0
DA:201,0
DA:202,0
DA:203,0
DA:204,0
DA:208,0
DA:209,0
DA:210,0
DA:213,0
DA:214,0
DA:215,0
DA:218,0
DA:219,0
DA:220,0
DA:221,0
DA:222,0
DA:223,0
DA:224,0
DA:225,0
DA:226,0
DA:231,1
LF:133
LH:32
BRDA:146,0,0,0
BRDA:146,0,1,0
BRF:2
BRH:0
end_of_record
